[2024-08-14 05:22:16]データベース接続に失敗しました
[2024-08-14 05:22:16]画面表示が完了しました
[2024-08-14 05:22:21]データベース接続に失敗しました
[2024-08-14 05:22:21]削除リクエストを受信しました Title: 
[2024-08-14 05:22:21]Title: を削除しました
[2024-08-14 05:22:21]画面表示が完了しました
[2024-08-14 14:27:08]データベース接続に失敗しました
[2024-08-14 14:27:08]画面表示が完了しました
[2024-08-14 14:27:12]データベース接続に失敗しました
[2024-08-14 14:27:12]削除リクエストを受信しました Title: 
[2024-08-14 14:27:12]Title: を削除しました
[2024-08-14 14:27:12]画面表示が完了しました
[2024-08-14 14:28:04]データベース接続しました
[2024-08-14 14:28:04]画面表示が完了しました
[2024-08-14 14:28:09]データベース接続しました
[2024-08-14 14:28:09]削除失敗しました
[2024-08-14 14:28:09]画面表示が完了しました
[2024-08-14 14:28:50]データベース接続しました
[2024-08-14 14:28:50]削除失敗しました
[2024-08-14 14:28:50]画面表示が完了しました
[2024-08-14 14:28:57]データベース接続しました
[2024-08-14 14:28:57]削除失敗しました
[2024-08-14 14:28:57]画面表示が完了しました
[2024-08-14 14:30:25]データベース接続しました
[2024-08-14 14:30:25]削除リクエストを受信しました ID: 35
[2024-08-14 14:30:25]ID: 35を削除しました
[2024-08-14 14:30:25]画面表示が完了しました
[2024-08-14 14:35:10]【表示】登録画面
[2024-08-14 14:35:10]データベース接続しました
[2024-08-14 14:35:10]【表示】一覧画面
[2024-08-14 14:35:15]【表示】詳細画面
[2024-08-14 14:35:58]【表示】更新画面
[2024-08-14 14:35:58]データベース接続しました
[2024-08-14 14:35:58]【表示】一覧画面
[2024-08-14 14:39:12]【表示】登録画面
[2024-08-14 14:41:14]【表示】詳細画面
[2024-08-14 14:42:01]【表示】更新画面
[2024-08-14 14:42:18]【表示】更新画面
[2024-08-14 14:42:18]データベース接続しました
[2024-08-14 14:42:18]【表示】一覧画面
[2024-08-14 16:43:40]データベース接続しました
[2024-08-14 16:43:40]【表示】一覧画面
[2024-08-15 09:50:16]データベース接続しました
[2024-08-15 09:50:16]【表示】一覧画面
[2024-08-15 09:50:19]【表示】詳細画面
[2024-08-15 09:50:24]データベース接続しました
[2024-08-15 09:50:24]【表示】一覧画面
[2024-08-15 11:40:56]データベース接続しました
[2024-08-15 11:40:56]【表示】一覧画面
[2024-08-15 11:41:23]データベース接続しました
[2024-08-15 11:41:23]【表示】一覧画面
[2024-08-15 14:15:30]【表示】詳細画面
[2024-08-15 14:25:49]データベース接続しました
[2024-08-15 14:25:49]【表示】一覧画面
[2024-08-15 14:25:52]【表示】登録画面
[2024-08-15 14:27:19]【表示】登録画面
[2024-08-15 14:27:40]【表示】登録画面
[2024-08-15 14:27:40]データベース接続しました
[2024-08-15 14:27:40]【表示】一覧画面
[2024-08-15 14:27:47]【表示】詳細画面
[2024-08-15 14:30:22]データベース接続しました
[2024-08-15 14:30:22]【表示】一覧画面
[2024-08-15 14:35:28]データベース接続しました
[2024-08-15 14:35:28]【表示】一覧画面
[2024-08-15 14:41:08]データベース接続しました
[2024-08-15 14:41:08]【表示】一覧画面
[2024-08-15 14:41:10]【表示】登録画面
[2024-08-15 14:42:44]【表示】登録画面
[2024-08-15 14:50:07]データベース接続しました
[2024-08-15 14:50:07]【表示】一覧画面
[2024-08-15 14:50:11]【表示】登録画面
[2024-08-15 14:50:14]【表示】登録画面
[2024-08-15 14:58:59]データベース接続しました
[2024-08-15 14:58:59]【表示】一覧画面
[2024-08-15 14:59:01]【表示】登録画面
[2024-08-15 14:59:03]【表示】登録画面
[2024-08-15 15:02:46]データベース接続しました
[2024-08-15 15:02:46]【表示】一覧画面
[2024-08-15 15:03:17]データベース接続しました
[2024-08-15 15:03:17]【表示】一覧画面
[2024-08-15 15:03:35]データベース接続しました
[2024-08-15 15:03:35]【表示】一覧画面
[2024-08-15 15:05:45]データベース接続しました
[2024-08-15 15:05:45]【表示】一覧画面
[2024-08-15 15:05:46]【表示】登録画面
[2024-08-15 15:05:49]【表示】登録画面
[2024-08-15 15:06:09]データベース接続しました
[2024-08-15 15:06:09]【表示】一覧画面
[2024-08-15 15:06:11]【表示】登録画面
[2024-08-15 15:06:13]【表示】登録画面
[2024-08-15 15:10:16]データベース接続しました
[2024-08-15 15:10:16]【表示】一覧画面
[2024-08-15 15:10:18]【表示】登録画面
[2024-08-15 15:10:20]【表示】登録画面
[2024-08-15 15:11:32]データベース接続しました
[2024-08-15 15:11:32]【表示】一覧画面
[2024-08-15 15:11:33]【表示】登録画面
[2024-08-15 15:11:35]【表示】登録画面
[2024-08-15 15:12:13]【表示】登録画面
[2024-08-15 15:13:00]データベース接続しました
[2024-08-15 15:13:00]【表示】一覧画面
[2024-08-15 15:13:01]【表示】登録画面
[2024-08-15 15:13:03]【表示】登録画面
[2024-08-15 15:14:13]【表示】登録画面
[2024-08-15 15:14:14]【表示】登録画面
[2024-08-15 15:14:15]【表示】登録画面
[2024-08-15 15:16:53]データベース接続しました
[2024-08-15 15:16:53]【表示】一覧画面
[2024-08-15 15:16:54]【表示】登録画面
[2024-08-15 15:16:55]【表示】登録画面
[2024-08-15 15:26:03]データベース接続しました
[2024-08-15 15:26:03]【表示】一覧画面
[2024-08-15 15:26:08]【表示】詳細画面
[2024-08-15 15:26:12]【表示】更新画面
[2024-08-15 15:26:23]【表示】更新画面
[2024-08-15 15:41:30]【表示】更新画面
[2024-08-15 15:42:19]【表示】詳細画面
[2024-08-15 15:42:21]データベース接続しました
[2024-08-15 15:42:21]【表示】一覧画面
[2024-08-15 15:42:23]【表示】登録画面
[2024-08-15 15:42:25]【表示】登録画面
[2024-08-15 16:11:30]データベース接続しました
[2024-08-15 16:11:30]【表示】一覧画面
[2024-08-15 16:12:22]データベース接続しました
[2024-08-15 16:12:22]【表示】一覧画面
[2024-08-15 16:12:23]【表示】登録画面
[2024-08-15 16:13:28]【表示】登録画面
[2024-08-15 16:14:31]【表示】登録画面
[2024-08-15 16:14:51]【表示】登録画面
[2024-08-15 16:14:51]データベース接続しました
[2024-08-15 16:14:51]【表示】一覧画面
[2024-08-15 16:15:35]データベース接続しました
[2024-08-15 16:15:35]【表示】一覧画面
[2024-08-15 16:15:36]【表示】登録画面
[2024-08-15 16:15:54]【表示】登録画面
[2024-08-15 16:16:20]【表示】登録画面
[2024-08-15 16:16:47]【表示】登録画面
[2024-08-15 16:17:39]データベース接続しました
[2024-08-15 16:17:39]【表示】一覧画面
[2024-08-15 16:19:16]【表示】登録画面
[2024-08-15 16:19:42]【表示】登録画面
[2024-08-15 16:19:42]データベース接続しました
[2024-08-15 16:19:42]【表示】一覧画面
[2024-08-15 16:20:14]【表示】登録画面
[2024-08-15 16:20:18]データベース接続しました
[2024-08-15 16:20:18]【表示】一覧画面
[2024-08-15 16:20:20]【表示】登録画面
[2024-08-15 16:20:46]【表示】登録画面
[2024-08-15 16:24:43]データベース接続しました
[2024-08-15 16:24:43]【表示】一覧画面
[2024-08-15 16:24:45]【表示】登録画面
[2024-08-15 16:25:04]【表示】登録画面
[2024-08-15 16:25:26]データベース接続しました
[2024-08-15 16:25:26]【表示】一覧画面
[2024-08-15 16:25:28]【表示】登録画面
[2024-08-15 16:25:46]【表示】登録画面
[2024-08-15 16:28:46]【表示】登録画面
[2024-08-15 16:28:46]データベース接続しました
[2024-08-15 16:28:46]【表示】一覧画面
[2024-08-15 16:28:57]データベース接続しました
[2024-08-15 16:28:57]削除リクエストを受信しました ID: 27
[2024-08-15 16:28:58]ID: 27を削除しました
[2024-08-15 16:28:58]【表示】一覧画面
[2024-08-15 16:29:03]データベース接続しました
[2024-08-15 16:29:03]削除リクエストを受信しました ID: 28
[2024-08-15 16:29:03]ID: 28を削除しました
[2024-08-15 16:29:03]【表示】一覧画面
[2024-08-15 16:29:45]【表示】登録画面
[2024-08-15 16:31:43]データベース接続しました
[2024-08-15 16:31:43]【表示】一覧画面
[2024-08-15 16:31:44]【表示】登録画面
[2024-08-15 16:32:27]【表示】登録画面
[2024-08-15 16:32:27]データベース接続しました
[2024-08-15 16:32:27]【表示】一覧画面
[2024-08-15 16:32:32]データベース接続しました
[2024-08-15 16:32:32]削除リクエストを受信しました ID: 29
[2024-08-15 16:32:32]ID: 29を削除しました
[2024-08-15 16:32:32]【表示】一覧画面
[2024-08-15 16:43:27]データベース接続しました
[2024-08-15 16:43:27]削除リクエストを受信しました ID: 29
[2024-08-15 16:43:27]ID: 29を削除しました
[2024-08-15 16:43:27]【表示】一覧画面
[2024-08-15 16:43:28]【表示】登録画面
[2024-08-15 16:43:30]【表示】登録画面
[2024-08-15 16:43:50]データベース接続しました
[2024-08-15 16:43:50]【表示】一覧画面
[2024-08-15 16:43:52]【表示】登録画面
[2024-08-15 16:43:54]【表示】登録画面
[2024-08-15 16:48:30]データベース接続しました
[2024-08-15 16:48:30]【表示】一覧画面
[2024-08-15 16:48:33]【表示】詳細画面
[2024-08-15 16:48:36]【表示】更新画面
[2024-08-15 16:48:41]【表示】詳細画面
[2024-08-15 17:04:40]データベース接続しました
[2024-08-15 17:04:40]【表示】一覧画面
[2024-08-15 17:04:42]【表示】登録画面
[2024-08-15 17:05:11]【表示】登録画面
[2024-08-15 17:05:51]【表示】登録画面
[2024-08-15 17:08:38]データベース接続しました
[2024-08-15 17:08:38]【表示】一覧画面
[2024-08-15 17:08:40]【表示】登録画面
[2024-08-15 17:08:55]【表示】登録画面
[2024-08-15 17:08:55]データベース接続しました
[2024-08-15 17:08:55]【表示】一覧画面
[2024-08-15 17:09:15]【表示】登録画面
[2024-08-15 17:09:48]【表示】登録画面
[2024-08-15 17:09:48]データベース接続しました
[2024-08-15 17:09:48]【表示】一覧画面
